#
# A fatal error has been detected by the Java Runtime Environment:
#
#  SIGSEGV (0xb) at pc=0x0000000000000000, pid=10584, tid=0x0000000000010407
#
# JRE version: OpenJDK Runtime Environment (8.0_302-b08) (build 1.8.0_302-b08)
# Java VM: OpenJDK 64-Bit Server VM (25.302-b08 mixed mode bsd-amd64 compressed oops)
# Problematic frame:
# C  0x0000000000000000
#
# Failed to write core dump. Core dumps have been disabled. To enable core dumping, try "ulimit -c unlimited" before starting Java again
#
# If you would like to submit a bug report, please visit:
#   https://github.com/adoptium/adoptium-support/issues
#

---------------  T H R E A D  ---------------

Current thread is native thread

siginfo: si_signo: 11 (SIGSEGV), si_code: 1 (SEGV_MAPERR), si_addr: 0x0000000000000000

Registers:
RAX=0x000000012b630508, RBX=0x00000000000161b0, RCX=0x0000000000000010, RDX=0xfffffffffffffff0
RSP=0x00007000097e2a38, RBP=0x00007000097e2ae0, RSI=0x0000000000000000, RDI=0x00007fa8e7353000
R8 =0x0000000000000200, R9 =0x00007fa8eaf56cf0, R10=0x000000012b6753ba, R11=0xffffffffffffdad0
R12=0x0000000000000200, R13=0x00007fa8e7353000, R14=0x00007fa8e781c1e0, R15=0x0000000000000800
RIP=0x0000000000000000, EFLAGS=0x0000000000010246, ERR=0x0000000000000014
  TRAPNO=0x000000000000000e

Top of Stack: (sp=0x00007000097e2a38)
0x00007000097e2a38:   000000012b602639 0000000000000000
0x00007000097e2a48:   0000000000000000 00007fa8e735b1b0
0x00007000097e2a58:   000000012b822010 00007fa8e73591b0
0x00007000097e2a68:   0000020000000000 0000000000000000
0x00007000097e2a78:   0000000000000800 c5c7560e00000200
0x00007000097e2a88:   00007fa8e73571b0 00007fa8e7353000
0x00007000097e2a98:   000002002bc99122 00007000097e2af0
0x00007000097e2aa8:   000000010000037f c5c7560e3f2b001a
0x00007000097e2ab8:   00007fa8e781c160 0000000000000200
0x00007000097e2ac8:   00007fa8eaf59220 00007fa8e781c1e0
0x00007000097e2ad8:   00007fa8eaf56cf0 00007000097e2af0
0x00007000097e2ae8:   000000012b6122ef 00007000097e2bb0
0x00007000097e2af8:   000000012b672b6a 00007000097e2b30
0x00007000097e2b08:   00007fa8e781c760 00007fa8e45fc800
0x00007000097e2b18:   00007fa8e45fc9f8 00007000097e0100
0x00007000097e2b28:   00007fa8e781c7e0 00007000097e2c50
0x00007000097e2b38:   00007000097e2c68 0000020000000000
0x00007000097e2b48:   00007000097e2cf0 0000000000000001
0x00007000097e2b58:   0000000000000001 00007000097e2bb0
0x00007000097e2b68:   000000012b6733de 0000000000000000
0x00007000097e2b78:   0000000000000000 c5c7560e3f2b001a
0x00007000097e2b88:   00007fa8e45fc800 0000000000001000
0x00007000097e2b98:   0000000000001000 00007fa8e781c760
0x00007000097e2ba8:   00007fa8eaf5b250 00007000097e2c50
0x00007000097e2bb8:   000000012b697028 0000000000000001
0x00007000097e2bc8:   00007000097e2c68 00007fa8e781c760
0x00007000097e2bd8:   00007000097e2cf0 0000000000000000
0x00007000097e2be8:   0000020000001fa0 0000700000009fe0
0x00007000097e2bf8:   00007fff2bc99135 0000000000000000
0x00007000097e2c08:   0000000000000000 0000000000000000
0x00007000097e2c18:   0000000000000038 c5c7560e3f2b001a
0x00007000097e2c28:   0000000000000200 00007fa8eaf5b250 

Instructions: (pc=0x0000000000000000)
0xffffffffffffffe0:   

Register to memory mapping:

RAX=